2017-07-25 09:20:28 [127.0.0.1][-][-][error][yii\web\HttpException:404] exception 'yii\base\InvalidRouteException' with message 'Unable to resolve the request "cn/css/bootstrap.min.css.map".' in D:\WWW\sat\vendor\yiisoft\yii2\base\Module.php:461
Stack trace:
#0 D:\WWW\sat\vendor\yiisoft\yii2\web\Application.php(84): yii\base\Module->runAction('cn/css/bootstra...', Array)
#1 D:\WWW\sat\vendor\yiisoft\yii2\base\Application.php(375): yii\web\Application->handleRequest(Object(yii\web\Request))
#2 D:\WWW\sat\web\index.php(28): yii\base\Application->run()
#3 {main}

Next exception 'yii\web\NotFoundHttpException' with message 'Page not found.' in D:\WWW\sat\vendor\yiisoft\yii2\web\Application.php:96
Stack trace:
#0 D:\WWW\sat\vendor\yiisoft\yii2\base\Application.php(375): yii\web\Application->handleRequest(Object(yii\web\Request))
#1 D:\WWW\sat\web\index.php(28): yii\base\Application->run()
#2 {main}
2017-07-25 09:20:28 [127.0.0.1][-][-][info][application] $_COOKIE = [
    'PHPSESSID' => 'qnpcvlfjdjl9tgp1fmt52akos6'
    'uid' => ''
]

$_SERVER = [
    'PATH' => 'C:\\Windows\\system32;C:\\Windows;C:\\Windows\\System32\\Wbem;C:\\Windows\\System32\\WindowsPowerShell\\v1.0\\;D:\\soft-install\\;C:\\Users\\Administrator\\AppData\\Roaming\\npm'
    'SYSTEMROOT' => 'C:\\Windows'
    'COMSPEC' => 'C:\\Windows\\system32\\cmd.exe'
    'PATHEXT' => '.COM;.EXE;.BAT;.CMD;.VBS;.VBE;.JS;.JSE;.WSF;.WSH;.MSC'
    'WINDIR' => 'C:\\Windows'
    'PHP_FCGI_MAX_REQUESTS' => '1000'
    'PHPRC' => 'D:/phpStudy/php55n'
    '_FCGI_SHUTDOWN_EVENT_' => '1716'
    'HTTP_CONNECTION' => 'close'
    'SCRIPT_NAME' => '/index.php'
    'REQUEST_URI' => '/cn/css/bootstrap.min.css.map'
    'QUERY_STRING' => ''
    'REQUEST_METHOD' => 'GET'
    'SERVER_PROTOCOL' => 'HTTP/1.1'
    'GATEWAY_INTERFACE' => 'CGI/1.1'
    'REDIRECT_URL' => '/cn/css/bootstrap.min.css.map'
    'REMOTE_PORT' => '53679'
    'SCRIPT_FILENAME' => 'D:/WWW/sat/web/index.php'
    'SERVER_ADMIN' => 'admin@phpStudy.net'
    'CONTEXT_DOCUMENT_ROOT' => 'D:/WWW/sat/web'
    'CONTEXT_PREFIX' => ''
    'REQUEST_SCHEME' => 'http'
    'DOCUMENT_ROOT' => 'D:/WWW/sat/web'
    'REMOTE_ADDR' => '127.0.0.1'
    'SERVER_PORT' => '80'
    'SERVER_ADDR' => '127.0.0.1'
    'SERVER_NAME' => 'sat.com'
    'SERVER_SOFTWARE' => 'Apache/2.4.10 (Win32) OpenSSL/1.0.1i mod_fcgid/2.3.9'
    'SERVER_SIGNATURE' => ''
    'SystemRoot' => 'C:\\Windows'
    'HTTP_PROXY_CONNECTION' => 'keep-alive'
    'HTTP_COOKIE' => 'PHPSESSID=qnpcvlfjdjl9tgp1fmt52akos6; uid='
    'HTTP_ACCEPT_LANGUAGE' => 'zh-CN,zh;q=0.8,en;q=0.6,zh-TW;q=0.4'
    'HTTP_ACCEPT_ENCODING' => 'gzip, deflate, sdch'
    'HTTP_USER_AGENT' => 'Mozilla/5.0 (Windows NT 6.1) AppleWebKit/537.36 (KHTML, like Gecko) Chrome/58.0.3029.96 Safari/537.36'
    'HTTP_HOST' => 'sat.com'
    'REDIRECT_STATUS' => '200'
    'FCGI_ROLE' => 'RESPONDER'
    'PHP_SELF' => '/index.php'
    'REQUEST_TIME_FLOAT' => 1500945628.2642
    'REQUEST_TIME' => 1500945628
]
2017-07-25 09:25:24 [127.0.0.1][-][-][error][yii\web\HttpException:404] exception 'yii\base\InvalidRouteException' with message 'Unable to resolve the request "cn/css/bootstrap.min.css.map".' in D:\WWW\sat\vendor\yiisoft\yii2\base\Module.php:461
Stack trace:
#0 D:\WWW\sat\vendor\yiisoft\yii2\web\Application.php(84): yii\base\Module->runAction('cn/css/bootstra...', Array)
#1 D:\WWW\sat\vendor\yiisoft\yii2\base\Application.php(375): yii\web\Application->handleRequest(Object(yii\web\Request))
#2 D:\WWW\sat\web\index.php(28): yii\base\Application->run()
#3 {main}

Next exception 'yii\web\NotFoundHttpException' with message 'Page not found.' in D:\WWW\sat\vendor\yiisoft\yii2\web\Application.php:96
Stack trace:
#0 D:\WWW\sat\vendor\yiisoft\yii2\base\Application.php(375): yii\web\Application->handleRequest(Object(yii\web\Request))
#1 D:\WWW\sat\web\index.php(28): yii\base\Application->run()
#2 {main}
2017-07-25 09:25:24 [127.0.0.1][-][-][info][application] $_COOKIE = [
    'PHPSESSID' => 'qnpcvlfjdjl9tgp1fmt52akos6'
    'uid' => ''
]

$_SERVER = [
    'PATH' => 'C:\\Windows\\system32;C:\\Windows;C:\\Windows\\System32\\Wbem;C:\\Windows\\System32\\WindowsPowerShell\\v1.0\\;D:\\soft-install\\;C:\\Users\\Administrator\\AppData\\Roaming\\npm'
    'SYSTEMROOT' => 'C:\\Windows'
    'COMSPEC' => 'C:\\Windows\\system32\\cmd.exe'
    'PATHEXT' => '.COM;.EXE;.BAT;.CMD;.VBS;.VBE;.JS;.JSE;.WSF;.WSH;.MSC'
    'WINDIR' => 'C:\\Windows'
    'PHP_FCGI_MAX_REQUESTS' => '1000'
    'PHPRC' => 'D:/phpStudy/php55n'
    '_FCGI_SHUTDOWN_EVENT_' => '436'
    'HTTP_CONNECTION' => 'close'
    'SCRIPT_NAME' => '/index.php'
    'REQUEST_URI' => '/cn/css/bootstrap.min.css.map'
    'QUERY_STRING' => ''
    'REQUEST_METHOD' => 'GET'
    'SERVER_PROTOCOL' => 'HTTP/1.1'
    'GATEWAY_INTERFACE' => 'CGI/1.1'
    'REDIRECT_URL' => '/cn/css/bootstrap.min.css.map'
    'REMOTE_PORT' => '54365'
    'SCRIPT_FILENAME' => 'D:/WWW/sat/web/index.php'
    'SERVER_ADMIN' => 'admin@phpStudy.net'
    'CONTEXT_DOCUMENT_ROOT' => 'D:/WWW/sat/web'
    'CONTEXT_PREFIX' => ''
    'REQUEST_SCHEME' => 'http'
    'DOCUMENT_ROOT' => 'D:/WWW/sat/web'
    'REMOTE_ADDR' => '127.0.0.1'
    'SERVER_PORT' => '80'
    'SERVER_ADDR' => '127.0.0.1'
    'SERVER_NAME' => 'sat.com'
    'SERVER_SOFTWARE' => 'Apache/2.4.10 (Win32) OpenSSL/1.0.1i mod_fcgid/2.3.9'
    'SERVER_SIGNATURE' => ''
    'SystemRoot' => 'C:\\Windows'
    'HTTP_PROXY_CONNECTION' => 'keep-alive'
    'HTTP_COOKIE' => 'PHPSESSID=qnpcvlfjdjl9tgp1fmt52akos6; uid='
    'HTTP_ACCEPT_LANGUAGE' => 'zh-CN,zh;q=0.8,en;q=0.6,zh-TW;q=0.4'
    'HTTP_ACCEPT_ENCODING' => 'gzip, deflate, sdch'
    'HTTP_USER_AGENT' => 'Mozilla/5.0 (Windows NT 6.1) AppleWebKit/537.36 (KHTML, like Gecko) Chrome/58.0.3029.96 Safari/537.36'
    'HTTP_HOST' => 'sat.com'
    'REDIRECT_STATUS' => '200'
    'FCGI_ROLE' => 'RESPONDER'
    'PHP_SELF' => '/index.php'
    'REQUEST_TIME_FLOAT' => 1500945924.7262
    'REQUEST_TIME' => 1500945924
]
2017-07-25 09:30:11 [127.0.0.1][-][-][error][yii\web\HttpException:404] exception 'yii\base\InvalidRouteException' with message 'Unable to resolve the request "cn/css/bootstrap.min.css.map".' in D:\WWW\sat\vendor\yiisoft\yii2\base\Module.php:461
Stack trace:
#0 D:\WWW\sat\vendor\yiisoft\yii2\web\Application.php(84): yii\base\Module->runAction('cn/css/bootstra...', Array)
#1 D:\WWW\sat\vendor\yiisoft\yii2\base\Application.php(375): yii\web\Application->handleRequest(Object(yii\web\Request))
#2 D:\WWW\sat\web\index.php(28): yii\base\Application->run()
#3 {main}

Next exception 'yii\web\NotFoundHttpException' with message 'Page not found.' in D:\WWW\sat\vendor\yiisoft\yii2\web\Application.php:96
Stack trace:
#0 D:\WWW\sat\vendor\yiisoft\yii2\base\Application.php(375): yii\web\Application->handleRequest(Object(yii\web\Request))
#1 D:\WWW\sat\web\index.php(28): yii\base\Application->run()
#2 {main}
2017-07-25 09:30:11 [127.0.0.1][-][-][info][application] $_COOKIE = [
    'PHPSESSID' => 'qnpcvlfjdjl9tgp1fmt52akos6'
    'uid' => ''
]

$_SERVER = [
    'PATH' => 'C:\\Windows\\system32;C:\\Windows;C:\\Windows\\System32\\Wbem;C:\\Windows\\System32\\WindowsPowerShell\\v1.0\\;D:\\soft-install\\;C:\\Users\\Administrator\\AppData\\Roaming\\npm'
    'SYSTEMROOT' => 'C:\\Windows'
    'COMSPEC' => 'C:\\Windows\\system32\\cmd.exe'
    'PATHEXT' => '.COM;.EXE;.BAT;.CMD;.VBS;.VBE;.JS;.JSE;.WSF;.WSH;.MSC'
    'WINDIR' => 'C:\\Windows'
    'PHP_FCGI_MAX_REQUESTS' => '1000'
    'PHPRC' => 'D:/phpStudy/php55n'
    '_FCGI_SHUTDOWN_EVENT_' => '1792'
    'HTTP_CONNECTION' => 'close'
    'SCRIPT_NAME' => '/index.php'
    'REQUEST_URI' => '/cn/css/bootstrap.min.css.map'
    'QUERY_STRING' => ''
    'REQUEST_METHOD' => 'GET'
    'SERVER_PROTOCOL' => 'HTTP/1.1'
    'GATEWAY_INTERFACE' => 'CGI/1.1'
    'REDIRECT_URL' => '/cn/css/bootstrap.min.css.map'
    'REMOTE_PORT' => '54873'
    'SCRIPT_FILENAME' => 'D:/WWW/sat/web/index.php'
    'SERVER_ADMIN' => 'admin@phpStudy.net'
    'CONTEXT_DOCUMENT_ROOT' => 'D:/WWW/sat/web'
    'CONTEXT_PREFIX' => ''
    'REQUEST_SCHEME' => 'http'
    'DOCUMENT_ROOT' => 'D:/WWW/sat/web'
    'REMOTE_ADDR' => '127.0.0.1'
    'SERVER_PORT' => '80'
    'SERVER_ADDR' => '127.0.0.1'
    'SERVER_NAME' => 'sat.com'
    'SERVER_SOFTWARE' => 'Apache/2.4.10 (Win32) OpenSSL/1.0.1i mod_fcgid/2.3.9'
    'SERVER_SIGNATURE' => ''
    'SystemRoot' => 'C:\\Windows'
    'HTTP_PROXY_CONNECTION' => 'keep-alive'
    'HTTP_COOKIE' => 'PHPSESSID=qnpcvlfjdjl9tgp1fmt52akos6; uid='
    'HTTP_ACCEPT_LANGUAGE' => 'zh-CN,zh;q=0.8,en;q=0.6,zh-TW;q=0.4'
    'HTTP_ACCEPT_ENCODING' => 'gzip, deflate, sdch'
    'HTTP_USER_AGENT' => 'Mozilla/5.0 (Windows NT 6.1) AppleWebKit/537.36 (KHTML, like Gecko) Chrome/58.0.3029.96 Safari/537.36'
    'HTTP_HOST' => 'sat.com'
    'REDIRECT_STATUS' => '200'
    'FCGI_ROLE' => 'RESPONDER'
    'PHP_SELF' => '/index.php'
    'REQUEST_TIME_FLOAT' => 1500946211.7642
    'REQUEST_TIME' => 1500946211
]
2017-07-25 09:30:12 [127.0.0.1][-][-][error][yii\web\HttpException:404] exception 'yii\base\InvalidRouteException' with message 'Unable to resolve the request "cn/css/bootstrap.min.css.map".' in D:\WWW\sat\vendor\yiisoft\yii2\base\Module.php:461
Stack trace:
#0 D:\WWW\sat\vendor\yiisoft\yii2\web\Application.php(84): yii\base\Module->runAction('cn/css/bootstra...', Array)
#1 D:\WWW\sat\vendor\yiisoft\yii2\base\Application.php(375): yii\web\Application->handleRequest(Object(yii\web\Request))
#2 D:\WWW\sat\web\index.php(28): yii\base\Application->run()
#3 {main}

Next exception 'yii\web\NotFoundHttpException' with message 'Page not found.' in D:\WWW\sat\vendor\yiisoft\yii2\web\Application.php:96
Stack trace:
#0 D:\WWW\sat\vendor\yiisoft\yii2\base\Application.php(375): yii\web\Application->handleRequest(Object(yii\web\Request))
#1 D:\WWW\sat\web\index.php(28): yii\base\Application->run()
#2 {main}
2017-07-25 09:30:12 [127.0.0.1][-][-][info][application] $_COOKIE = [
    'PHPSESSID' => 'qnpcvlfjdjl9tgp1fmt52akos6'
    'uid' => ''
]

$_SERVER = [
    'PATH' => 'C:\\Windows\\system32;C:\\Windows;C:\\Windows\\System32\\Wbem;C:\\Windows\\System32\\WindowsPowerShell\\v1.0\\;D:\\soft-install\\;C:\\Users\\Administrator\\AppData\\Roaming\\npm'
    'SYSTEMROOT' => 'C:\\Windows'
    'COMSPEC' => 'C:\\Windows\\system32\\cmd.exe'
    'PATHEXT' => '.COM;.EXE;.BAT;.CMD;.VBS;.VBE;.JS;.JSE;.WSF;.WSH;.MSC'
    'WINDIR' => 'C:\\Windows'
    'PHP_FCGI_MAX_REQUESTS' => '1000'
    'PHPRC' => 'D:/phpStudy/php55n'
    '_FCGI_SHUTDOWN_EVENT_' => '1916'
    'HTTP_CONNECTION' => 'close'
    'SCRIPT_NAME' => '/index.php'
    'REQUEST_URI' => '/cn/css/bootstrap.min.css.map'
    'QUERY_STRING' => ''
    'REQUEST_METHOD' => 'GET'
    'SERVER_PROTOCOL' => 'HTTP/1.1'
    'GATEWAY_INTERFACE' => 'CGI/1.1'
    'REDIRECT_URL' => '/cn/css/bootstrap.min.css.map'
    'REMOTE_PORT' => '54876'
    'SCRIPT_FILENAME' => 'D:/WWW/sat/web/index.php'
    'SERVER_ADMIN' => 'admin@phpStudy.net'
    'CONTEXT_DOCUMENT_ROOT' => 'D:/WWW/sat/web'
    'CONTEXT_PREFIX' => ''
    'REQUEST_SCHEME' => 'http'
    'DOCUMENT_ROOT' => 'D:/WWW/sat/web'
    'REMOTE_ADDR' => '127.0.0.1'
    'SERVER_PORT' => '80'
    'SERVER_ADDR' => '127.0.0.1'
    'SERVER_NAME' => 'sat.com'
    'SERVER_SOFTWARE' => 'Apache/2.4.10 (Win32) OpenSSL/1.0.1i mod_fcgid/2.3.9'
    'SERVER_SIGNATURE' => ''
    'SystemRoot' => 'C:\\Windows'
    'HTTP_PROXY_CONNECTION' => 'keep-alive'
    'HTTP_COOKIE' => 'PHPSESSID=qnpcvlfjdjl9tgp1fmt52akos6; uid='
    'HTTP_ACCEPT_LANGUAGE' => 'zh-CN,zh;q=0.8,en;q=0.6,zh-TW;q=0.4'
    'HTTP_ACCEPT_ENCODING' => 'gzip, deflate, sdch'
    'HTTP_USER_AGENT' => 'Mozilla/5.0 (Windows NT 6.1) AppleWebKit/537.36 (KHTML, like Gecko) Chrome/58.0.3029.96 Safari/537.36'
    'HTTP_HOST' => 'sat.com'
    'REDIRECT_STATUS' => '200'
    'FCGI_ROLE' => 'RESPONDER'
    'PHP_SELF' => '/index.php'
    'REQUEST_TIME_FLOAT' => 1500946212.9572
    'REQUEST_TIME' => 1500946212
]
2017-07-25 09:30:40 [127.0.0.1][-][-][error][yii\web\HttpException:404] exception 'yii\base\InvalidRouteException' with message 'Unable to resolve the request "cn/css/bootstrap.min.css.map".' in D:\WWW\sat\vendor\yiisoft\yii2\base\Module.php:461
Stack trace:
#0 D:\WWW\sat\vendor\yiisoft\yii2\web\Application.php(84): yii\base\Module->runAction('cn/css/bootstra...', Array)
#1 D:\WWW\sat\vendor\yiisoft\yii2\base\Application.php(375): yii\web\Application->handleRequest(Object(yii\web\Request))
#2 D:\WWW\sat\web\index.php(28): yii\base\Application->run()
#3 {main}

Next exception 'yii\web\NotFoundHttpException' with message 'Page not found.' in D:\WWW\sat\vendor\yiisoft\yii2\web\Application.php:96
Stack trace:
#0 D:\WWW\sat\vendor\yiisoft\yii2\base\Application.php(375): yii\web\Application->handleRequest(Object(yii\web\Request))
#1 D:\WWW\sat\web\index.php(28): yii\base\Application->run()
#2 {main}
2017-07-25 09:30:40 [127.0.0.1][-][-][info][application] $_COOKIE = [
    'PHPSESSID' => 'qnpcvlfjdjl9tgp1fmt52akos6'
    'uid' => ''
]

$_SERVER = [
    'PATH' => 'C:\\Windows\\system32;C:\\Windows;C:\\Windows\\System32\\Wbem;C:\\Windows\\System32\\WindowsPowerShell\\v1.0\\;D:\\soft-install\\;C:\\Users\\Administrator\\AppData\\Roaming\\npm'
    'SYSTEMROOT' => 'C:\\Windows'
    'COMSPEC' => 'C:\\Windows\\system32\\cmd.exe'
    'PATHEXT' => '.COM;.EXE;.BAT;.CMD;.VBS;.VBE;.JS;.JSE;.WSF;.WSH;.MSC'
    'WINDIR' => 'C:\\Windows'
    'PHP_FCGI_MAX_REQUESTS' => '1000'
    'PHPRC' => 'D:/phpStudy/php55n'
    '_FCGI_SHUTDOWN_EVENT_' => '432'
    'HTTP_CONNECTION' => 'close'
    'SCRIPT_NAME' => '/index.php'
    'REQUEST_URI' => '/cn/css/bootstrap.min.css.map'
    'QUERY_STRING' => ''
    'REQUEST_METHOD' => 'GET'
    'SERVER_PROTOCOL' => 'HTTP/1.1'
    'GATEWAY_INTERFACE' => 'CGI/1.1'
    'REDIRECT_URL' => '/cn/css/bootstrap.min.css.map'
    'REMOTE_PORT' => '55811'
    'SCRIPT_FILENAME' => 'D:/WWW/sat/web/index.php'
    'SERVER_ADMIN' => 'admin@phpStudy.net'
    'CONTEXT_DOCUMENT_ROOT' => 'D:/WWW/sat/web'
    'CONTEXT_PREFIX' => ''
    'REQUEST_SCHEME' => 'http'
    'DOCUMENT_ROOT' => 'D:/WWW/sat/web'
    'REMOTE_ADDR' => '127.0.0.1'
    'SERVER_PORT' => '80'
    'SERVER_ADDR' => '127.0.0.1'
    'SERVER_NAME' => 'sat.com'
    'SERVER_SOFTWARE' => 'Apache/2.4.10 (Win32) OpenSSL/1.0.1i mod_fcgid/2.3.9'
    'SERVER_SIGNATURE' => ''
    'SystemRoot' => 'C:\\Windows'
    'HTTP_PROXY_CONNECTION' => 'keep-alive'
    'HTTP_COOKIE' => 'PHPSESSID=qnpcvlfjdjl9tgp1fmt52akos6; uid='
    'HTTP_ACCEPT_LANGUAGE' => 'zh-CN,zh;q=0.8,en;q=0.6,zh-TW;q=0.4'
    'HTTP_ACCEPT_ENCODING' => 'gzip, deflate, sdch'
    'HTTP_USER_AGENT' => 'Mozilla/5.0 (Windows NT 6.1) AppleWebKit/537.36 (KHTML, like Gecko) Chrome/58.0.3029.96 Safari/537.36'
    'HTTP_HOST' => 'sat.com'
    'REDIRECT_STATUS' => '200'
    'FCGI_ROLE' => 'RESPONDER'
    'PHP_SELF' => '/index.php'
    'REQUEST_TIME_FLOAT' => 1500946240.4902
    'REQUEST_TIME' => 1500946240
]
2017-07-25 09:30:55 [127.0.0.1][-][-][error][yii\web\HttpException:404] exception 'yii\base\InvalidRouteException' with message 'Unable to resolve the request "cn/css/bootstrap.min.css.map".' in D:\WWW\sat\vendor\yiisoft\yii2\base\Module.php:461
Stack trace:
#0 D:\WWW\sat\vendor\yiisoft\yii2\web\Application.php(84): yii\base\Module->runAction('cn/css/bootstra...', Array)
#1 D:\WWW\sat\vendor\yiisoft\yii2\base\Application.php(375): yii\web\Application->handleRequest(Object(yii\web\Request))
#2 D:\WWW\sat\web\index.php(28): yii\base\Application->run()
#3 {main}

Next exception 'yii\web\NotFoundHttpException' with message 'Page not found.' in D:\WWW\sat\vendor\yiisoft\yii2\web\Application.php:96
Stack trace:
#0 D:\WWW\sat\vendor\yiisoft\yii2\base\Application.php(375): yii\web\Application->handleRequest(Object(yii\web\Request))
#1 D:\WWW\sat\web\index.php(28): yii\base\Application->run()
#2 {main}
2017-07-25 09:30:55 [127.0.0.1][-][-][info][application] $_COOKIE = [
    'PHPSESSID' => 'qnpcvlfjdjl9tgp1fmt52akos6'
    'uid' => ''
]

$_SERVER = [
    'PATH' => 'C:\\Windows\\system32;C:\\Windows;C:\\Windows\\System32\\Wbem;C:\\Windows\\System32\\WindowsPowerShell\\v1.0\\;D:\\soft-install\\;C:\\Users\\Administrator\\AppData\\Roaming\\npm'
    'SYSTEMROOT' => 'C:\\Windows'
    'COMSPEC' => 'C:\\Windows\\system32\\cmd.exe'
    'PATHEXT' => '.COM;.EXE;.BAT;.CMD;.VBS;.VBE;.JS;.JSE;.WSF;.WSH;.MSC'
    'WINDIR' => 'C:\\Windows'
    'PHP_FCGI_MAX_REQUESTS' => '1000'
    'PHPRC' => 'D:/phpStudy/php55n'
    '_FCGI_SHUTDOWN_EVENT_' => '1916'
    'HTTP_CONNECTION' => 'close'
    'SCRIPT_NAME' => '/index.php'
    'REQUEST_URI' => '/cn/css/bootstrap.min.css.map'
    'QUERY_STRING' => ''
    'REQUEST_METHOD' => 'GET'
    'SERVER_PROTOCOL' => 'HTTP/1.1'
    'GATEWAY_INTERFACE' => 'CGI/1.1'
    'REDIRECT_URL' => '/cn/css/bootstrap.min.css.map'
    'REMOTE_PORT' => '56290'
    'SCRIPT_FILENAME' => 'D:/WWW/sat/web/index.php'
    'SERVER_ADMIN' => 'admin@phpStudy.net'
    'CONTEXT_DOCUMENT_ROOT' => 'D:/WWW/sat/web'
    'CONTEXT_PREFIX' => ''
    'REQUEST_SCHEME' => 'http'
    'DOCUMENT_ROOT' => 'D:/WWW/sat/web'
    'REMOTE_ADDR' => '127.0.0.1'
    'SERVER_PORT' => '80'
    'SERVER_ADDR' => '127.0.0.1'
    'SERVER_NAME' => 'sat.com'
    'SERVER_SOFTWARE' => 'Apache/2.4.10 (Win32) OpenSSL/1.0.1i mod_fcgid/2.3.9'
    'SERVER_SIGNATURE' => ''
    'SystemRoot' => 'C:\\Windows'
    'HTTP_PROXY_CONNECTION' => 'keep-alive'
    'HTTP_COOKIE' => 'PHPSESSID=qnpcvlfjdjl9tgp1fmt52akos6; uid='
    'HTTP_ACCEPT_LANGUAGE' => 'zh-CN,zh;q=0.8,en;q=0.6,zh-TW;q=0.4'
    'HTTP_ACCEPT_ENCODING' => 'gzip, deflate, sdch'
    'HTTP_USER_AGENT' => 'Mozilla/5.0 (Windows NT 6.1) AppleWebKit/537.36 (KHTML, like Gecko) Chrome/58.0.3029.96 Safari/537.36'
    'HTTP_HOST' => 'sat.com'
    'REDIRECT_STATUS' => '200'
    'FCGI_ROLE' => 'RESPONDER'
    'PHP_SELF' => '/index.php'
    'REQUEST_TIME_FLOAT' => 1500946255.7932
    'REQUEST_TIME' => 1500946255
]
2017-07-25 09:31:43 [127.0.0.1][-][-][error][yii\web\HttpException:404] exception 'yii\base\InvalidRouteException' with message 'Unable to resolve the request "cn/css/bootstrap.min.css.map".' in D:\WWW\sat\vendor\yiisoft\yii2\base\Module.php:461
Stack trace:
#0 D:\WWW\sat\vendor\yiisoft\yii2\web\Application.php(84): yii\base\Module->runAction('cn/css/bootstra...', Array)
#1 D:\WWW\sat\vendor\yiisoft\yii2\base\Application.php(375): yii\web\Application->handleRequest(Object(yii\web\Request))
#2 D:\WWW\sat\web\index.php(28): yii\base\Application->run()
#3 {main}

Next exception 'yii\web\NotFoundHttpException' with message 'Page not found.' in D:\WWW\sat\vendor\yiisoft\yii2\web\Application.php:96
Stack trace:
#0 D:\WWW\sat\vendor\yiisoft\yii2\base\Application.php(375): yii\web\Application->handleRequest(Object(yii\web\Request))
#1 D:\WWW\sat\web\index.php(28): yii\base\Application->run()
#2 {main}
2017-07-25 09:31:43 [127.0.0.1][-][-][info][application] $_COOKIE = [
    'PHPSESSID' => 'qnpcvlfjdjl9tgp1fmt52akos6'
    'uid' => ''
]

$_SERVER = [
    'PATH' => 'C:\\Windows\\system32;C:\\Windows;C:\\Windows\\System32\\Wbem;C:\\Windows\\System32\\WindowsPowerShell\\v1.0\\;D:\\soft-install\\;C:\\Users\\Administrator\\AppData\\Roaming\\npm'
    'SYSTEMROOT' => 'C:\\Windows'
    'COMSPEC' => 'C:\\Windows\\system32\\cmd.exe'
    'PATHEXT' => '.COM;.EXE;.BAT;.CMD;.VBS;.VBE;.JS;.JSE;.WSF;.WSH;.MSC'
    'WINDIR' => 'C:\\Windows'
    'PHP_FCGI_MAX_REQUESTS' => '1000'
    'PHPRC' => 'D:/phpStudy/php55n'
    '_FCGI_SHUTDOWN_EVENT_' => '1824'
    'HTTP_CONNECTION' => 'close'
    'SCRIPT_NAME' => '/index.php'
    'REQUEST_URI' => '/cn/css/bootstrap.min.css.map'
    'QUERY_STRING' => ''
    'REQUEST_METHOD' => 'GET'
    'SERVER_PROTOCOL' => 'HTTP/1.1'
    'GATEWAY_INTERFACE' => 'CGI/1.1'
    'REDIRECT_URL' => '/cn/css/bootstrap.min.css.map'
    'REMOTE_PORT' => '56386'
    'SCRIPT_FILENAME' => 'D:/WWW/sat/web/index.php'
    'SERVER_ADMIN' => 'admin@phpStudy.net'
    'CONTEXT_DOCUMENT_ROOT' => 'D:/WWW/sat/web'
    'CONTEXT_PREFIX' => ''
    'REQUEST_SCHEME' => 'http'
    'DOCUMENT_ROOT' => 'D:/WWW/sat/web'
    'REMOTE_ADDR' => '127.0.0.1'
    'SERVER_PORT' => '80'
    'SERVER_ADDR' => '127.0.0.1'
    'SERVER_NAME' => 'sat.com'
    'SERVER_SOFTWARE' => 'Apache/2.4.10 (Win32) OpenSSL/1.0.1i mod_fcgid/2.3.9'
    'SERVER_SIGNATURE' => ''
    'SystemRoot' => 'C:\\Windows'
    'HTTP_PROXY_CONNECTION' => 'keep-alive'
    'HTTP_COOKIE' => 'PHPSESSID=qnpcvlfjdjl9tgp1fmt52akos6; uid='
    'HTTP_ACCEPT_LANGUAGE' => 'zh-CN,zh;q=0.8,en;q=0.6,zh-TW;q=0.4'
    'HTTP_ACCEPT_ENCODING' => 'gzip, deflate, sdch'
    'HTTP_USER_AGENT' => 'Mozilla/5.0 (Windows NT 6.1) AppleWebKit/537.36 (KHTML, like Gecko) Chrome/58.0.3029.96 Safari/537.36'
    'HTTP_HOST' => 'sat.com'
    'REDIRECT_STATUS' => '200'
    'FCGI_ROLE' => 'RESPONDER'
    'PHP_SELF' => '/index.php'
    'REQUEST_TIME_FLOAT' => 1500946303.5872
    'REQUEST_TIME' => 1500946303
]
2017-07-25 09:32:46 [127.0.0.1][-][-][error][yii\web\HttpException:404] exception 'yii\base\InvalidRouteException' with message 'Unable to resolve the request "cn/css/bootstrap.min.css.map".' in D:\WWW\sat\vendor\yiisoft\yii2\base\Module.php:461
Stack trace:
#0 D:\WWW\sat\vendor\yiisoft\yii2\web\Application.php(84): yii\base\Module->runAction('cn/css/bootstra...', Array)
#1 D:\WWW\sat\vendor\yiisoft\yii2\base\Application.php(375): yii\web\Application->handleRequest(Object(yii\web\Request))
#2 D:\WWW\sat\web\index.php(28): yii\base\Application->run()
#3 {main}

Next exception 'yii\web\NotFoundHttpException' with message 'Page not found.' in D:\WWW\sat\vendor\yiisoft\yii2\web\Application.php:96
Stack trace:
#0 D:\WWW\sat\vendor\yiisoft\yii2\base\Application.php(375): yii\web\Application->handleRequest(Object(yii\web\Request))
#1 D:\WWW\sat\web\index.php(28): yii\base\Application->run()
#2 {main}
2017-07-25 09:32:46 [127.0.0.1][-][-][info][application] $_COOKIE = [
    'PHPSESSID' => 'qnpcvlfjdjl9tgp1fmt52akos6'
    'uid' => ''
]

$_SERVER = [
    'PATH' => 'C:\\Windows\\system32;C:\\Windows;C:\\Windows\\System32\\Wbem;C:\\Windows\\System32\\WindowsPowerShell\\v1.0\\;D:\\soft-install\\;C:\\Users\\Administrator\\AppData\\Roaming\\npm'
    'SYSTEMROOT' => 'C:\\Windows'
    'COMSPEC' => 'C:\\Windows\\system32\\cmd.exe'
    'PATHEXT' => '.COM;.EXE;.BAT;.CMD;.VBS;.VBE;.JS;.JSE;.WSF;.WSH;.MSC'
    'WINDIR' => 'C:\\Windows'
    'PHP_FCGI_MAX_REQUESTS' => '1000'
    'PHPRC' => 'D:/phpStudy/php55n'
    '_FCGI_SHUTDOWN_EVENT_' => '1824'
    'HTTP_CONNECTION' => 'close'
    'SCRIPT_NAME' => '/index.php'
    'REQUEST_URI' => '/cn/css/bootstrap.min.css.map'
    'QUERY_STRING' => ''
    'REQUEST_METHOD' => 'GET'
    'SERVER_PROTOCOL' => 'HTTP/1.1'
    'GATEWAY_INTERFACE' => 'CGI/1.1'
    'REDIRECT_URL' => '/cn/css/bootstrap.min.css.map'
    'REMOTE_PORT' => '56517'
    'SCRIPT_FILENAME' => 'D:/WWW/sat/web/index.php'
    'SERVER_ADMIN' => 'admin@phpStudy.net'
    'CONTEXT_DOCUMENT_ROOT' => 'D:/WWW/sat/web'
    'CONTEXT_PREFIX' => ''
    'REQUEST_SCHEME' => 'http'
    'DOCUMENT_ROOT' => 'D:/WWW/sat/web'
    'REMOTE_ADDR' => '127.0.0.1'
    'SERVER_PORT' => '80'
    'SERVER_ADDR' => '127.0.0.1'
    'SERVER_NAME' => 'sat.com'
    'SERVER_SOFTWARE' => 'Apache/2.4.10 (Win32) OpenSSL/1.0.1i mod_fcgid/2.3.9'
    'SERVER_SIGNATURE' => ''
    'SystemRoot' => 'C:\\Windows'
    'HTTP_PROXY_CONNECTION' => 'keep-alive'
    'HTTP_COOKIE' => 'PHPSESSID=qnpcvlfjdjl9tgp1fmt52akos6; uid='
    'HTTP_ACCEPT_LANGUAGE' => 'zh-CN,zh;q=0.8,en;q=0.6,zh-TW;q=0.4'
    'HTTP_ACCEPT_ENCODING' => 'gzip, deflate, sdch'
    'HTTP_USER_AGENT' => 'Mozilla/5.0 (Windows NT 6.1) AppleWebKit/537.36 (KHTML, like Gecko) Chrome/58.0.3029.96 Safari/537.36'
    'HTTP_HOST' => 'sat.com'
    'REDIRECT_STATUS' => '200'
    'FCGI_ROLE' => 'RESPONDER'
    'PHP_SELF' => '/index.php'
    'REQUEST_TIME_FLOAT' => 1500946366.3832
    'REQUEST_TIME' => 1500946366
]
2017-07-25 09:33:56 [127.0.0.1][-][-][error][yii\web\HttpException:404] exception 'yii\base\InvalidRouteException' with message 'Unable to resolve the request "cn/css/bootstrap.min.css.map".' in D:\WWW\sat\vendor\yiisoft\yii2\base\Module.php:461
Stack trace:
#0 D:\WWW\sat\vendor\yiisoft\yii2\web\Application.php(84): yii\base\Module->runAction('cn/css/bootstra...', Array)
#1 D:\WWW\sat\vendor\yiisoft\yii2\base\Application.php(375): yii\web\Application->handleRequest(Object(yii\web\Request))
#2 D:\WWW\sat\web\index.php(28): yii\base\Application->run()
#3 {main}

Next exception 'yii\web\NotFoundHttpException' with message 'Page not found.' in D:\WWW\sat\vendor\yiisoft\yii2\web\Application.php:96
Stack trace:
#0 D:\WWW\sat\vendor\yiisoft\yii2\base\Application.php(375): yii\web\Application->handleRequest(Object(yii\web\Request))
#1 D:\WWW\sat\web\index.php(28): yii\base\Application->run()
#2 {main}
2017-07-25 09:33:56 [127.0.0.1][-][-][info][application] $_COOKIE = [
    'PHPSESSID' => 'qnpcvlfjdjl9tgp1fmt52akos6'
    'uid' => ''
]

$_SERVER = [
    'PATH' => 'C:\\Windows\\system32;C:\\Windows;C:\\Windows\\System32\\Wbem;C:\\Windows\\System32\\WindowsPowerShell\\v1.0\\;D:\\soft-install\\;C:\\Users\\Administrator\\AppData\\Roaming\\npm'
    'SYSTEMROOT' => 'C:\\Windows'
    'COMSPEC' => 'C:\\Windows\\system32\\cmd.exe'
    'PATHEXT' => '.COM;.EXE;.BAT;.CMD;.VBS;.VBE;.JS;.JSE;.WSF;.WSH;.MSC'
    'WINDIR' => 'C:\\Windows'
    'PHP_FCGI_MAX_REQUESTS' => '1000'
    'PHPRC' => 'D:/phpStudy/php55n'
    '_FCGI_SHUTDOWN_EVENT_' => '432'
    'HTTP_CONNECTION' => 'close'
    'SCRIPT_NAME' => '/index.php'
    'REQUEST_URI' => '/cn/css/bootstrap.min.css.map'
    'QUERY_STRING' => ''
    'REQUEST_METHOD' => 'GET'
    'SERVER_PROTOCOL' => 'HTTP/1.1'
    'GATEWAY_INTERFACE' => 'CGI/1.1'
    'REDIRECT_URL' => '/cn/css/bootstrap.min.css.map'
    'REMOTE_PORT' => '56660'
    'SCRIPT_FILENAME' => 'D:/WWW/sat/web/index.php'
    'SERVER_ADMIN' => 'admin@phpStudy.net'
    'CONTEXT_DOCUMENT_ROOT' => 'D:/WWW/sat/web'
    'CONTEXT_PREFIX' => ''
    'REQUEST_SCHEME' => 'http'
    'DOCUMENT_ROOT' => 'D:/WWW/sat/web'
    'REMOTE_ADDR' => '127.0.0.1'
    'SERVER_PORT' => '80'
    'SERVER_ADDR' => '127.0.0.1'
    'SERVER_NAME' => 'sat.com'
    'SERVER_SOFTWARE' => 'Apache/2.4.10 (Win32) OpenSSL/1.0.1i mod_fcgid/2.3.9'
    'SERVER_SIGNATURE' => ''
    'SystemRoot' => 'C:\\Windows'
    'HTTP_PROXY_CONNECTION' => 'keep-alive'
    'HTTP_COOKIE' => 'PHPSESSID=qnpcvlfjdjl9tgp1fmt52akos6; uid='
    'HTTP_ACCEPT_LANGUAGE' => 'zh-CN,zh;q=0.8,en;q=0.6,zh-TW;q=0.4'
    'HTTP_ACCEPT_ENCODING' => 'gzip, deflate, sdch'
    'HTTP_USER_AGENT' => 'Mozilla/5.0 (Windows NT 6.1) AppleWebKit/537.36 (KHTML, like Gecko) Chrome/58.0.3029.96 Safari/537.36'
    'HTTP_HOST' => 'sat.com'
    'REDIRECT_STATUS' => '200'
    'FCGI_ROLE' => 'RESPONDER'
    'PHP_SELF' => '/index.php'
    'REQUEST_TIME_FLOAT' => 1500946436.8502
    'REQUEST_TIME' => 1500946436
]
2017-07-25 09:38:09 [127.0.0.1][-][-][error][yii\web\HttpException:404] exception 'yii\base\InvalidRouteException' with message 'Unable to resolve the request "cn/css/bootstrap.min.css.map".' in D:\WWW\sat\vendor\yiisoft\yii2\base\Module.php:461
Stack trace:
#0 D:\WWW\sat\vendor\yiisoft\yii2\web\Application.php(84): yii\base\Module->runAction('cn/css/bootstra...', Array)
#1 D:\WWW\sat\vendor\yiisoft\yii2\base\Application.php(375): yii\web\Application->handleRequest(Object(yii\web\Request))
#2 D:\WWW\sat\web\index.php(28): yii\base\Application->run()
#3 {main}

Next exception 'yii\web\NotFoundHttpException' with message 'Page not found.' in D:\WWW\sat\vendor\yiisoft\yii2\web\Application.php:96
Stack trace:
#0 D:\WWW\sat\vendor\yiisoft\yii2\base\Application.php(375): yii\web\Application->handleRequest(Object(yii\web\Request))
#1 D:\WWW\sat\web\index.php(28): yii\base\Application->run()
#2 {main}
2017-07-25 09:38:09 [127.0.0.1][-][-][info][application] $_COOKIE = [
    'PHPSESSID' => 'qnpcvlfjdjl9tgp1fmt52akos6'
    'uid' => ''
]

$_SERVER = [
    'PATH' => 'C:\\Windows\\system32;C:\\Windows;C:\\Windows\\System32\\Wbem;C:\\Windows\\System32\\WindowsPowerShell\\v1.0\\;D:\\soft-install\\;C:\\Users\\Administrator\\AppData\\Roaming\\npm'
    'SYSTEMROOT' => 'C:\\Windows'
    'COMSPEC' => 'C:\\Windows\\system32\\cmd.exe'
    'PATHEXT' => '.COM;.EXE;.BAT;.CMD;.VBS;.VBE;.JS;.JSE;.WSF;.WSH;.MSC'
    'WINDIR' => 'C:\\Windows'
    'PHP_FCGI_MAX_REQUESTS' => '1000'
    'PHPRC' => 'D:/phpStudy/php55n'
    '_FCGI_SHUTDOWN_EVENT_' => '1812'
    'HTTP_CONNECTION' => 'close'
    'SCRIPT_NAME' => '/index.php'
    'REQUEST_URI' => '/cn/css/bootstrap.min.css.map'
    'QUERY_STRING' => ''
    'REQUEST_METHOD' => 'GET'
    'SERVER_PROTOCOL' => 'HTTP/1.1'
    'GATEWAY_INTERFACE' => 'CGI/1.1'
    'REDIRECT_URL' => '/cn/css/bootstrap.min.css.map'
    'REMOTE_PORT' => '57145'
    'SCRIPT_FILENAME' => 'D:/WWW/sat/web/index.php'
    'SERVER_ADMIN' => 'admin@phpStudy.net'
    'CONTEXT_DOCUMENT_ROOT' => 'D:/WWW/sat/web'
    'CONTEXT_PREFIX' => ''
    'REQUEST_SCHEME' => 'http'
    'DOCUMENT_ROOT' => 'D:/WWW/sat/web'
    'REMOTE_ADDR' => '127.0.0.1'
    'SERVER_PORT' => '80'
    'SERVER_ADDR' => '127.0.0.1'
    'SERVER_NAME' => 'sat.com'
    'SERVER_SOFTWARE' => 'Apache/2.4.10 (Win32) OpenSSL/1.0.1i mod_fcgid/2.3.9'
    'SERVER_SIGNATURE' => ''
    'SystemRoot' => 'C:\\Windows'
    'HTTP_PROXY_CONNECTION' => 'keep-alive'
    'HTTP_COOKIE' => 'PHPSESSID=qnpcvlfjdjl9tgp1fmt52akos6; uid='
    'HTTP_ACCEPT_LANGUAGE' => 'zh-CN,zh;q=0.8,en;q=0.6,zh-TW;q=0.4'
    'HTTP_ACCEPT_ENCODING' => 'gzip, deflate, sdch'
    'HTTP_USER_AGENT' => 'Mozilla/5.0 (Windows NT 6.1) AppleWebKit/537.36 (KHTML, like Gecko) Chrome/58.0.3029.96 Safari/537.36'
    'HTTP_HOST' => 'sat.com'
    'REDIRECT_STATUS' => '200'
    'FCGI_ROLE' => 'RESPONDER'
    'PHP_SELF' => '/index.php'
    'REQUEST_TIME_FLOAT' => 1500946689.3992
    'REQUEST_TIME' => 1500946689
]
2017-07-25 09:38:58 [127.0.0.1][-][-][error][yii\web\HttpException:404] exception 'yii\base\InvalidRouteException' with message 'Unable to resolve the request "cn/css/bootstrap.min.css.map".' in D:\WWW\sat\vendor\yiisoft\yii2\base\Module.php:461
Stack trace:
#0 D:\WWW\sat\vendor\yiisoft\yii2\web\Application.php(84): yii\base\Module->runAction('cn/css/bootstra...', Array)
#1 D:\WWW\sat\vendor\yiisoft\yii2\base\Application.php(375): yii\web\Application->handleRequest(Object(yii\web\Request))
#2 D:\WWW\sat\web\index.php(28): yii\base\Application->run()
#3 {main}

Next exception 'yii\web\NotFoundHttpException' with message 'Page not found.' in D:\WWW\sat\vendor\yiisoft\yii2\web\Application.php:96
Stack trace:
#0 D:\WWW\sat\vendor\yiisoft\yii2\base\Application.php(375): yii\web\Application->handleRequest(Object(yii\web\Request))
#1 D:\WWW\sat\web\index.php(28): yii\base\Application->run()
#2 {main}
2017-07-25 09:38:58 [127.0.0.1][-][-][info][application] $_COOKIE = [
    'PHPSESSID' => 'qnpcvlfjdjl9tgp1fmt52akos6'
    'uid' => ''
]

$_SERVER = [
    'PATH' => 'C:\\Windows\\system32;C:\\Windows;C:\\Windows\\System32\\Wbem;C:\\Windows\\System32\\WindowsPowerShell\\v1.0\\;D:\\soft-install\\;C:\\Users\\Administrator\\AppData\\Roaming\\npm'
    'SYSTEMROOT' => 'C:\\Windows'
    'COMSPEC' => 'C:\\Windows\\system32\\cmd.exe'
    'PATHEXT' => '.COM;.EXE;.BAT;.CMD;.VBS;.VBE;.JS;.JSE;.WSF;.WSH;.MSC'
    'WINDIR' => 'C:\\Windows'
    'PHP_FCGI_MAX_REQUESTS' => '1000'
    'PHPRC' => 'D:/phpStudy/php55n'
    '_FCGI_SHUTDOWN_EVENT_' => '436'
    'HTTP_CONNECTION' => 'close'
    'SCRIPT_NAME' => '/index.php'
    'REQUEST_URI' => '/cn/css/bootstrap.min.css.map'
    'QUERY_STRING' => ''
    'REQUEST_METHOD' => 'GET'
    'SERVER_PROTOCOL' => 'HTTP/1.1'
    'GATEWAY_INTERFACE' => 'CGI/1.1'
    'REDIRECT_URL' => '/cn/css/bootstrap.min.css.map'
    'REMOTE_PORT' => '57241'
    'SCRIPT_FILENAME' => 'D:/WWW/sat/web/index.php'
    'SERVER_ADMIN' => 'admin@phpStudy.net'
    'CONTEXT_DOCUMENT_ROOT' => 'D:/WWW/sat/web'
    'CONTEXT_PREFIX' => ''
    'REQUEST_SCHEME' => 'http'
    'DOCUMENT_ROOT' => 'D:/WWW/sat/web'
    'REMOTE_ADDR' => '127.0.0.1'
    'SERVER_PORT' => '80'
    'SERVER_ADDR' => '127.0.0.1'
    'SERVER_NAME' => 'sat.com'
    'SERVER_SOFTWARE' => 'Apache/2.4.10 (Win32) OpenSSL/1.0.1i mod_fcgid/2.3.9'
    'SERVER_SIGNATURE' => ''
    'SystemRoot' => 'C:\\Windows'
    'HTTP_PROXY_CONNECTION' => 'keep-alive'
    'HTTP_COOKIE' => 'PHPSESSID=qnpcvlfjdjl9tgp1fmt52akos6; uid='
    'HTTP_ACCEPT_LANGUAGE' => 'zh-CN,zh;q=0.8,en;q=0.6,zh-TW;q=0.4'
    'HTTP_ACCEPT_ENCODING' => 'gzip, deflate, sdch'
    'HTTP_USER_AGENT' => 'Mozilla/5.0 (Windows NT 6.1) AppleWebKit/537.36 (KHTML, like Gecko) Chrome/58.0.3029.96 Safari/537.36'
    'HTTP_HOST' => 'sat.com'
    'REDIRECT_STATUS' => '200'
    'FCGI_ROLE' => 'RESPONDER'
    'PHP_SELF' => '/index.php'
    'REQUEST_TIME_FLOAT' => 1500946738.8362
    'REQUEST_TIME' => 1500946738
]
2017-07-25 09:39:37 [127.0.0.1][-][-][error][yii\web\HttpException:404] exception 'yii\base\InvalidRouteException' with message 'Unable to resolve the request "cn/css/bootstrap.min.css.map".' in D:\WWW\sat\vendor\yiisoft\yii2\base\Module.php:461
Stack trace:
#0 D:\WWW\sat\vendor\yiisoft\yii2\web\Application.php(84): yii\base\Module->runAction('cn/css/bootstra...', Array)
#1 D:\WWW\sat\vendor\yiisoft\yii2\base\Application.php(375): yii\web\Application->handleRequest(Object(yii\web\Request))
#2 D:\WWW\sat\web\index.php(28): yii\base\Application->run()
#3 {main}

Next exception 'yii\web\NotFoundHttpException' with message 'Page not found.' in D:\WWW\sat\vendor\yiisoft\yii2\web\Application.php:96
Stack trace:
#0 D:\WWW\sat\vendor\yiisoft\yii2\base\Application.php(375): yii\web\Application->handleRequest(Object(yii\web\Request))
#1 D:\WWW\sat\web\index.php(28): yii\base\Application->run()
#2 {main}
2017-07-25 09:39:37 [127.0.0.1][-][-][info][application] $_COOKIE = [
    'PHPSESSID' => 'qnpcvlfjdjl9tgp1fmt52akos6'
    'uid' => ''
]

$_SERVER = [
    'PATH' => 'C:\\Windows\\system32;C:\\Windows;C:\\Windows\\System32\\Wbem;C:\\Windows\\System32\\WindowsPowerShell\\v1.0\\;D:\\soft-install\\;C:\\Users\\Administrator\\AppData\\Roaming\\npm'
    'SYSTEMROOT' => 'C:\\Windows'
    'COMSPEC' => 'C:\\Windows\\system32\\cmd.exe'
    'PATHEXT' => '.COM;.EXE;.BAT;.CMD;.VBS;.VBE;.JS;.JSE;.WSF;.WSH;.MSC'
    'WINDIR' => 'C:\\Windows'
    'PHP_FCGI_MAX_REQUESTS' => '1000'
    'PHPRC' => 'D:/phpStudy/php55n'
    '_FCGI_SHUTDOWN_EVENT_' => '436'
    'HTTP_CONNECTION' => 'close'
    'SCRIPT_NAME' => '/index.php'
    'REQUEST_URI' => '/cn/css/bootstrap.min.css.map'
    'QUERY_STRING' => ''
    'REQUEST_METHOD' => 'GET'
    'SERVER_PROTOCOL' => 'HTTP/1.1'
    'GATEWAY_INTERFACE' => 'CGI/1.1'
    'REDIRECT_URL' => '/cn/css/bootstrap.min.css.map'
    'REMOTE_PORT' => '58229'
    'SCRIPT_FILENAME' => 'D:/WWW/sat/web/index.php'
    'SERVER_ADMIN' => 'admin@phpStudy.net'
    'CONTEXT_DOCUMENT_ROOT' => 'D:/WWW/sat/web'
    'CONTEXT_PREFIX' => ''
    'REQUEST_SCHEME' => 'http'
    'DOCUMENT_ROOT' => 'D:/WWW/sat/web'
    'REMOTE_ADDR' => '127.0.0.1'
    'SERVER_PORT' => '80'
    'SERVER_ADDR' => '127.0.0.1'
    'SERVER_NAME' => 'sat.com'
    'SERVER_SOFTWARE' => 'Apache/2.4.10 (Win32) OpenSSL/1.0.1i mod_fcgid/2.3.9'
    'SERVER_SIGNATURE' => ''
    'SystemRoot' => 'C:\\Windows'
    'HTTP_PROXY_CONNECTION' => 'keep-alive'
    'HTTP_COOKIE' => 'PHPSESSID=qnpcvlfjdjl9tgp1fmt52akos6; uid='
    'HTTP_ACCEPT_LANGUAGE' => 'zh-CN,zh;q=0.8,en;q=0.6,zh-TW;q=0.4'
    'HTTP_ACCEPT_ENCODING' => 'gzip, deflate, sdch'
    'HTTP_USER_AGENT' => 'Mozilla/5.0 (Windows NT 6.1) AppleWebKit/537.36 (KHTML, like Gecko) Chrome/58.0.3029.96 Safari/537.36'
    'HTTP_HOST' => 'sat.com'
    'REDIRECT_STATUS' => '200'
    'FCGI_ROLE' => 'RESPONDER'
    'PHP_SELF' => '/index.php'
    'REQUEST_TIME_FLOAT' => 1500946777.6732
    'REQUEST_TIME' => 1500946777
]
2017-07-25 09:45:27 [127.0.0.1][-][-][error][yii\web\HttpException:404] exception 'yii\base\InvalidRouteException' with message 'Unable to resolve the request "cn/css/bootstrap.min.css.map".' in D:\WWW\sat\vendor\yiisoft\yii2\base\Module.php:461
Stack trace:
#0 D:\WWW\sat\vendor\yiisoft\yii2\web\Application.php(84): yii\base\Module->runAction('cn/css/bootstra...', Array)
#1 D:\WWW\sat\vendor\yiisoft\yii2\base\Application.php(375): yii\web\Application->handleRequest(Object(yii\web\Request))
#2 D:\WWW\sat\web\index.php(28): yii\base\Application->run()
#3 {main}

Next exception 'yii\web\NotFoundHttpException' with message 'Page not found.' in D:\WWW\sat\vendor\yiisoft\yii2\web\Application.php:96
Stack trace:
#0 D:\WWW\sat\vendor\yiisoft\yii2\base\Application.php(375): yii\web\Application->handleRequest(Object(yii\web\Request))
#1 D:\WWW\sat\web\index.php(28): yii\base\Application->run()
#2 {main}
2017-07-25 09:45:27 [127.0.0.1][-][-][info][application] $_COOKIE = [
    'PHPSESSID' => 'qnpcvlfjdjl9tgp1fmt52akos6'
    'uid' => ''
]

$_SERVER = [
    'PATH' => 'C:\\Windows\\system32;C:\\Windows;C:\\Windows\\System32\\Wbem;C:\\Windows\\System32\\WindowsPowerShell\\v1.0\\;D:\\soft-install\\;C:\\Users\\Administrator\\AppData\\Roaming\\npm'
    'SYSTEMROOT' => 'C:\\Windows'
    'COMSPEC' => 'C:\\Windows\\system32\\cmd.exe'
    'PATHEXT' => '.COM;.EXE;.BAT;.CMD;.VBS;.VBE;.JS;.JSE;.WSF;.WSH;.MSC'
    'WINDIR' => 'C:\\Windows'
    'PHP_FCGI_MAX_REQUESTS' => '1000'
    'PHPRC' => 'D:/phpStudy/php55n'
    '_FCGI_SHUTDOWN_EVENT_' => '436'
    'HTTP_CONNECTION' => 'close'
    'SCRIPT_NAME' => '/index.php'
    'REQUEST_URI' => '/cn/css/bootstrap.min.css.map'
    'QUERY_STRING' => ''
    'REQUEST_METHOD' => 'GET'
    'SERVER_PROTOCOL' => 'HTTP/1.1'
    'GATEWAY_INTERFACE' => 'CGI/1.1'
    'REDIRECT_URL' => '/cn/css/bootstrap.min.css.map'
    'REMOTE_PORT' => '50731'
    'SCRIPT_FILENAME' => 'D:/WWW/sat/web/index.php'
    'SERVER_ADMIN' => 'admin@phpStudy.net'
    'CONTEXT_DOCUMENT_ROOT' => 'D:/WWW/sat/web'
    'CONTEXT_PREFIX' => ''
    'REQUEST_SCHEME' => 'http'
    'DOCUMENT_ROOT' => 'D:/WWW/sat/web'
    'REMOTE_ADDR' => '127.0.0.1'
    'SERVER_PORT' => '80'
    'SERVER_ADDR' => '127.0.0.1'
    'SERVER_NAME' => 'sat.com'
    'SERVER_SOFTWARE' => 'Apache/2.4.10 (Win32) OpenSSL/1.0.1i mod_fcgid/2.3.9'
    'SERVER_SIGNATURE' => ''
    'SystemRoot' => 'C:\\Windows'
    'HTTP_PROXY_CONNECTION' => 'keep-alive'
    'HTTP_COOKIE' => 'PHPSESSID=qnpcvlfjdjl9tgp1fmt52akos6; uid='
    'HTTP_ACCEPT_LANGUAGE' => 'zh-CN,zh;q=0.8,en;q=0.6,zh-TW;q=0.4'
    'HTTP_ACCEPT_ENCODING' => 'gzip, deflate, sdch'
    'HTTP_USER_AGENT' => 'Mozilla/5.0 (Windows NT 6.1) AppleWebKit/537.36 (KHTML, like Gecko) Chrome/58.0.3029.96 Safari/537.36'
    'HTTP_HOST' => 'sat.com'
    'REDIRECT_STATUS' => '200'
    'FCGI_ROLE' => 'RESPONDER'
    'PHP_SELF' => '/index.php'
    'REQUEST_TIME_FLOAT' => 1500947127.4752
    'REQUEST_TIME' => 1500947127
]
2017-07-25 09:46:51 [127.0.0.1][-][-][error][yii\web\HttpException:404] exception 'yii\base\InvalidRouteException' with message 'Unable to resolve the request "cn/css/bootstrap.min.css.map".' in D:\WWW\sat\vendor\yiisoft\yii2\base\Module.php:461
Stack trace:
#0 D:\WWW\sat\vendor\yiisoft\yii2\web\Application.php(84): yii\base\Module->runAction('cn/css/bootstra...', Array)
#1 D:\WWW\sat\vendor\yiisoft\yii2\base\Application.php(375): yii\web\Application->handleRequest(Object(yii\web\Request))
#2 D:\WWW\sat\web\index.php(28): yii\base\Application->run()
#3 {main}

Next exception 'yii\web\NotFoundHttpException' with message 'Page not found.' in D:\WWW\sat\vendor\yiisoft\yii2\web\Application.php:96
Stack trace:
#0 D:\WWW\sat\vendor\yiisoft\yii2\base\Application.php(375): yii\web\Application->handleRequest(Object(yii\web\Request))
#1 D:\WWW\sat\web\index.php(28): yii\base\Application->run()
#2 {main}
2017-07-25 09:46:51 [127.0.0.1][-][-][info][application] $_COOKIE = [
    'PHPSESSID' => 'qnpcvlfjdjl9tgp1fmt52akos6'
    'uid' => ''
]

$_SERVER = [
    'PATH' => 'C:\\Windows\\system32;C:\\Windows;C:\\Windows\\System32\\Wbem;C:\\Windows\\System32\\WindowsPowerShell\\v1.0\\;D:\\soft-install\\;C:\\Users\\Administrator\\AppData\\Roaming\\npm'
    'SYSTEMROOT' => 'C:\\Windows'
    'COMSPEC' => 'C:\\Windows\\system32\\cmd.exe'
    'PATHEXT' => '.COM;.EXE;.BAT;.CMD;.VBS;.VBE;.JS;.JSE;.WSF;.WSH;.MSC'
    'WINDIR' => 'C:\\Windows'
    'PHP_FCGI_MAX_REQUESTS' => '1000'
    'PHPRC' => 'D:/phpStudy/php55n'
    '_FCGI_SHUTDOWN_EVENT_' => '1900'
    'HTTP_CONNECTION' => 'close'
    'SCRIPT_NAME' => '/index.php'
    'REQUEST_URI' => '/cn/css/bootstrap.min.css.map'
    'QUERY_STRING' => ''
    'REQUEST_METHOD' => 'GET'
    'SERVER_PROTOCOL' => 'HTTP/1.1'
    'GATEWAY_INTERFACE' => 'CGI/1.1'
    'REDIRECT_URL' => '/cn/css/bootstrap.min.css.map'
    'REMOTE_PORT' => '50883'
    'SCRIPT_FILENAME' => 'D:/WWW/sat/web/index.php'
    'SERVER_ADMIN' => 'admin@phpStudy.net'
    'CONTEXT_DOCUMENT_ROOT' => 'D:/WWW/sat/web'
    'CONTEXT_PREFIX' => ''
    'REQUEST_SCHEME' => 'http'
    'DOCUMENT_ROOT' => 'D:/WWW/sat/web'
    'REMOTE_ADDR' => '127.0.0.1'
    'SERVER_PORT' => '80'
    'SERVER_ADDR' => '127.0.0.1'
    'SERVER_NAME' => 'sat.com'
    'SERVER_SOFTWARE' => 'Apache/2.4.10 (Win32) OpenSSL/1.0.1i mod_fcgid/2.3.9'
    'SERVER_SIGNATURE' => ''
    'SystemRoot' => 'C:\\Windows'
    'HTTP_PROXY_CONNECTION' => 'keep-alive'
    'HTTP_COOKIE' => 'PHPSESSID=qnpcvlfjdjl9tgp1fmt52akos6; uid='
    'HTTP_ACCEPT_LANGUAGE' => 'zh-CN,zh;q=0.8,en;q=0.6,zh-TW;q=0.4'
    'HTTP_ACCEPT_ENCODING' => 'gzip, deflate, sdch'
    'HTTP_USER_AGENT' => 'Mozilla/5.0 (Windows NT 6.1) AppleWebKit/537.36 (KHTML, like Gecko) Chrome/58.0.3029.96 Safari/537.36'
    'HTTP_HOST' => 'sat.com'
    'REDIRECT_STATUS' => '200'
    'FCGI_ROLE' => 'RESPONDER'
    'PHP_SELF' => '/index.php'
    'REQUEST_TIME_FLOAT' => 1500947211.2532
    'REQUEST_TIME' => 1500947211
]
2017-07-25 09:48:13 [127.0.0.1][-][-][error][yii\web\HttpException:404] exception 'yii\base\InvalidRouteException' with message 'Unable to resolve the request "cn/css/bootstrap.min.css.map".' in D:\WWW\sat\vendor\yiisoft\yii2\base\Module.php:461
Stack trace:
#0 D:\WWW\sat\vendor\yiisoft\yii2\web\Application.php(84): yii\base\Module->runAction('cn/css/bootstra...', Array)
#1 D:\WWW\sat\vendor\yiisoft\yii2\base\Application.php(375): yii\web\Application->handleRequest(Object(yii\web\Request))
#2 D:\WWW\sat\web\index.php(28): yii\base\Application->run()
#3 {main}

Next exception 'yii\web\NotFoundHttpException' with message 'Page not found.' in D:\WWW\sat\vendor\yiisoft\yii2\web\Application.php:96
Stack trace:
#0 D:\WWW\sat\vendor\yiisoft\yii2\base\Application.php(375): yii\web\Application->handleRequest(Object(yii\web\Request))
#1 D:\WWW\sat\web\index.php(28): yii\base\Application->run()
#2 {main}
2017-07-25 09:48:13 [127.0.0.1][-][-][info][application] $_COOKIE = [
    'PHPSESSID' => 'qnpcvlfjdjl9tgp1fmt52akos6'
    'uid' => ''
]

$_SERVER = [
    'PATH' => 'C:\\Windows\\system32;C:\\Windows;C:\\Windows\\System32\\Wbem;C:\\Windows\\System32\\WindowsPowerShell\\v1.0\\;D:\\soft-install\\;C:\\Users\\Administrator\\AppData\\Roaming\\npm'
    'SYSTEMROOT' => 'C:\\Windows'
    'COMSPEC' => 'C:\\Windows\\system32\\cmd.exe'
    'PATHEXT' => '.COM;.EXE;.BAT;.CMD;.VBS;.VBE;.JS;.JSE;.WSF;.WSH;.MSC'
    'WINDIR' => 'C:\\Windows'
    'PHP_FCGI_MAX_REQUESTS' => '1000'
    'PHPRC' => 'D:/phpStudy/php55n'
    '_FCGI_SHUTDOWN_EVENT_' => '1900'
    'HTTP_CONNECTION' => 'close'
    'SCRIPT_NAME' => '/index.php'
    'REQUEST_URI' => '/cn/css/bootstrap.min.css.map'
    'QUERY_STRING' => ''
    'REQUEST_METHOD' => 'GET'
    'SERVER_PROTOCOL' => 'HTTP/1.1'
    'GATEWAY_INTERFACE' => 'CGI/1.1'
    'REDIRECT_URL' => '/cn/css/bootstrap.min.css.map'
    'REMOTE_PORT' => '51037'
    'SCRIPT_FILENAME' => 'D:/WWW/sat/web/index.php'
    'SERVER_ADMIN' => 'admin@phpStudy.net'
    'CONTEXT_DOCUMENT_ROOT' => 'D:/WWW/sat/web'
    'CONTEXT_PREFIX' => ''
    'REQUEST_SCHEME' => 'http'
    'DOCUMENT_ROOT' => 'D:/WWW/sat/web'
    'REMOTE_ADDR' => '127.0.0.1'
    'SERVER_PORT' => '80'
    'SERVER_ADDR' => '127.0.0.1'
    'SERVER_NAME' => 'sat.com'
    'SERVER_SOFTWARE' => 'Apache/2.4.10 (Win32) OpenSSL/1.0.1i mod_fcgid/2.3.9'
    'SERVER_SIGNATURE' => ''
    'SystemRoot' => 'C:\\Windows'
    'HTTP_PROXY_CONNECTION' => 'keep-alive'
    'HTTP_COOKIE' => 'PHPSESSID=qnpcvlfjdjl9tgp1fmt52akos6; uid='
    'HTTP_ACCEPT_LANGUAGE' => 'zh-CN,zh;q=0.8,en;q=0.6,zh-TW;q=0.4'
    'HTTP_ACCEPT_ENCODING' => 'gzip, deflate, sdch'
    'HTTP_USER_AGENT' => 'Mozilla/5.0 (Windows NT 6.1) AppleWebKit/537.36 (KHTML, like Gecko) Chrome/58.0.3029.96 Safari/537.36'
    'HTTP_HOST' => 'sat.com'
    'REDIRECT_STATUS' => '200'
    'FCGI_ROLE' => 'RESPONDER'
    'PHP_SELF' => '/index.php'
    'REQUEST_TIME_FLOAT' => 1500947293.0002
    'REQUEST_TIME' => 1500947293
]
2017-07-25 09:49:58 [127.0.0.1][-][-][error][yii\web\HttpException:404] exception 'yii\base\InvalidRouteException' with message 'Unable to resolve the request "cn/css/bootstrap.min.css.map".' in D:\WWW\sat\vendor\yiisoft\yii2\base\Module.php:461
Stack trace:
#0 D:\WWW\sat\vendor\yiisoft\yii2\web\Application.php(84): yii\base\Module->runAction('cn/css/bootstra...', Array)
#1 D:\WWW\sat\vendor\yiisoft\yii2\base\Application.php(375): yii\web\Application->handleRequest(Object(yii\web\Request))
#2 D:\WWW\sat\web\index.php(28): yii\base\Application->run()
#3 {main}

Next exception 'yii\web\NotFoundHttpException' with message 'Page not found.' in D:\WWW\sat\vendor\yiisoft\yii2\web\Application.php:96
Stack trace:
#0 D:\WWW\sat\vendor\yiisoft\yii2\base\Application.php(375): yii\web\Application->handleRequest(Object(yii\web\Request))
#1 D:\WWW\sat\web\index.php(28): yii\base\Application->run()
#2 {main}
2017-07-25 09:49:58 [127.0.0.1][-][-][info][application] $_COOKIE = [
    'PHPSESSID' => 'qnpcvlfjdjl9tgp1fmt52akos6'
    'uid' => ''
]

$_SERVER = [
    'PATH' => 'C:\\Windows\\system32;C:\\Windows;C:\\Windows\\System32\\Wbem;C:\\Windows\\System32\\WindowsPowerShell\\v1.0\\;D:\\soft-install\\;C:\\Users\\Administrator\\AppData\\Roaming\\npm'
    'SYSTEMROOT' => 'C:\\Windows'
    'COMSPEC' => 'C:\\Windows\\system32\\cmd.exe'
    'PATHEXT' => '.COM;.EXE;.BAT;.CMD;.VBS;.VBE;.JS;.JSE;.WSF;.WSH;.MSC'
    'WINDIR' => 'C:\\Windows'
    'PHP_FCGI_MAX_REQUESTS' => '1000'
    'PHPRC' => 'D:/phpStudy/php55n'
    '_FCGI_SHUTDOWN_EVENT_' => '1728'
    'HTTP_CONNECTION' => 'close'
    'SCRIPT_NAME' => '/index.php'
    'REQUEST_URI' => '/cn/css/bootstrap.min.css.map'
    'QUERY_STRING' => ''
    'REQUEST_METHOD' => 'GET'
    'SERVER_PROTOCOL' => 'HTTP/1.1'
    'GATEWAY_INTERFACE' => 'CGI/1.1'
    'REDIRECT_URL' => '/cn/css/bootstrap.min.css.map'
    'REMOTE_PORT' => '53958'
    'SCRIPT_FILENAME' => 'D:/WWW/sat/web/index.php'
    'SERVER_ADMIN' => 'admin@phpStudy.net'
    'CONTEXT_DOCUMENT_ROOT' => 'D:/WWW/sat/web'
    'CONTEXT_PREFIX' => ''
    'REQUEST_SCHEME' => 'http'
    'DOCUMENT_ROOT' => 'D:/WWW/sat/web'
    'REMOTE_ADDR' => '127.0.0.1'
    'SERVER_PORT' => '80'
    'SERVER_ADDR' => '127.0.0.1'
    'SERVER_NAME' => 'sat.com'
    'SERVER_SOFTWARE' => 'Apache/2.4.10 (Win32) OpenSSL/1.0.1i mod_fcgid/2.3.9'
    'SERVER_SIGNATURE' => ''
    'SystemRoot' => 'C:\\Windows'
    'HTTP_PROXY_CONNECTION' => 'keep-alive'
    'HTTP_COOKIE' => 'PHPSESSID=qnpcvlfjdjl9tgp1fmt52akos6; uid='
    'HTTP_ACCEPT_LANGUAGE' => 'zh-CN,zh;q=0.8,en;q=0.6,zh-TW;q=0.4'
    'HTTP_ACCEPT_ENCODING' => 'gzip, deflate, sdch'
    'HTTP_USER_AGENT' => 'Mozilla/5.0 (Windows NT 6.1) AppleWebKit/537.36 (KHTML, like Gecko) Chrome/58.0.3029.96 Safari/537.36'
    'HTTP_HOST' => 'sat.com'
    'REDIRECT_STATUS' => '200'
    'FCGI_ROLE' => 'RESPONDER'
    'PHP_SELF' => '/index.php'
    'REQUEST_TIME_FLOAT' => 1500947398.7952
    'REQUEST_TIME' => 1500947398
]
2017-07-25 09:50:36 [127.0.0.1][-][-][error][yii\web\HttpException:404] exception 'yii\base\InvalidRouteException' with message 'Unable to resolve the request "cn/css/bootstrap.min.css.map".' in D:\WWW\sat\vendor\yiisoft\yii2\base\Module.php:461
Stack trace:
#0 D:\WWW\sat\vendor\yiisoft\yii2\web\Application.php(84): yii\base\Module->runAction('cn/css/bootstra...', Array)
#1 D:\WWW\sat\vendor\yiisoft\yii2\base\Application.php(375): yii\web\Application->handleRequest(Object(yii\web\Request))
#2 D:\WWW\sat\web\index.php(28): yii\base\Application->run()
#3 {main}

Next exception 'yii\web\NotFoundHttpException' with message 'Page not found.' in D:\WWW\sat\vendor\yiisoft\yii2\web\Application.php:96
Stack trace:
#0 D:\WWW\sat\vendor\yiisoft\yii2\base\Application.php(375): yii\web\Application->handleRequest(Object(yii\web\Request))
#1 D:\WWW\sat\web\index.php(28): yii\base\Application->run()
#2 {main}
2017-07-25 09:50:36 [127.0.0.1][-][-][info][application] $_COOKIE = [
    'PHPSESSID' => 'qnpcvlfjdjl9tgp1fmt52akos6'
    'uid' => ''
]

$_SERVER = [
    'PATH' => 'C:\\Windows\\system32;C:\\Windows;C:\\Windows\\System32\\Wbem;C:\\Windows\\System32\\WindowsPowerShell\\v1.0\\;D:\\soft-install\\;C:\\Users\\Administrator\\AppData\\Roaming\\npm'
    'SYSTEMROOT' => 'C:\\Windows'
    'COMSPEC' => 'C:\\Windows\\system32\\cmd.exe'
    'PATHEXT' => '.COM;.EXE;.BAT;.CMD;.VBS;.VBE;.JS;.JSE;.WSF;.WSH;.MSC'
    'WINDIR' => 'C:\\Windows'
    'PHP_FCGI_MAX_REQUESTS' => '1000'
    'PHPRC' => 'D:/phpStudy/php55n'
    '_FCGI_SHUTDOWN_EVENT_' => '1900'
    'HTTP_CONNECTION' => 'close'
    'SCRIPT_NAME' => '/index.php'
    'REQUEST_URI' => '/cn/css/bootstrap.min.css.map'
    'QUERY_STRING' => ''
    'REQUEST_METHOD' => 'GET'
    'SERVER_PROTOCOL' => 'HTTP/1.1'
    'GATEWAY_INTERFACE' => 'CGI/1.1'
    'REDIRECT_URL' => '/cn/css/bootstrap.min.css.map'
    'REMOTE_PORT' => '54044'
    'SCRIPT_FILENAME' => 'D:/WWW/sat/web/index.php'
    'SERVER_ADMIN' => 'admin@phpStudy.net'
    'CONTEXT_DOCUMENT_ROOT' => 'D:/WWW/sat/web'
    'CONTEXT_PREFIX' => ''
    'REQUEST_SCHEME' => 'http'
    'DOCUMENT_ROOT' => 'D:/WWW/sat/web'
    'REMOTE_ADDR' => '127.0.0.1'
    'SERVER_PORT' => '80'
    'SERVER_ADDR' => '127.0.0.1'
    'SERVER_NAME' => 'sat.com'
    'SERVER_SOFTWARE' => 'Apache/2.4.10 (Win32) OpenSSL/1.0.1i mod_fcgid/2.3.9'
    'SERVER_SIGNATURE' => ''
    'SystemRoot' => 'C:\\Windows'
    'HTTP_PROXY_CONNECTION' => 'keep-alive'
    'HTTP_COOKIE' => 'PHPSESSID=qnpcvlfjdjl9tgp1fmt52akos6; uid='
    'HTTP_ACCEPT_LANGUAGE' => 'zh-CN,zh;q=0.8,en;q=0.6,zh-TW;q=0.4'
    'HTTP_ACCEPT_ENCODING' => 'gzip, deflate, sdch'
    'HTTP_USER_AGENT' => 'Mozilla/5.0 (Windows NT 6.1) AppleWebKit/537.36 (KHTML, like Gecko) Chrome/58.0.3029.96 Safari/537.36'
    'HTTP_HOST' => 'sat.com'
    'REDIRECT_STATUS' => '200'
    'FCGI_ROLE' => 'RESPONDER'
    'PHP_SELF' => '/index.php'
    'REQUEST_TIME_FLOAT' => 1500947436.4422
    'REQUEST_TIME' => 1500947436
]
2017-07-25 09:50:47 [127.0.0.1][-][-][error][yii\web\HttpException:404] exception 'yii\base\InvalidRouteException' with message 'Unable to resolve the request "cn/css/bootstrap.min.css.map".' in D:\WWW\sat\vendor\yiisoft\yii2\base\Module.php:461
Stack trace:
#0 D:\WWW\sat\vendor\yiisoft\yii2\web\Application.php(84): yii\base\Module->runAction('cn/css/bootstra...', Array)
#1 D:\WWW\sat\vendor\yiisoft\yii2\base\Application.php(375): yii\web\Application->handleRequest(Object(yii\web\Request))
#2 D:\WWW\sat\web\index.php(28): yii\base\Application->run()
#3 {main}

Next exception 'yii\web\NotFoundHttpException' with message 'Page not found.' in D:\WWW\sat\vendor\yiisoft\yii2\web\Application.php:96
Stack trace:
#0 D:\WWW\sat\vendor\yiisoft\yii2\base\Application.php(375): yii\web\Application->handleRequest(Object(yii\web\Request))
#1 D:\WWW\sat\web\index.php(28): yii\base\Application->run()
#2 {main}
2017-07-25 09:50:47 [127.0.0.1][-][-][info][application] $_COOKIE = [
    'PHPSESSID' => 'qnpcvlfjdjl9tgp1fmt52akos6'
    'uid' => ''
]

$_SERVER = [
    'PATH' => 'C:\\Windows\\system32;C:\\Windows;C:\\Windows\\System32\\Wbem;C:\\Windows\\System32\\WindowsPowerShell\\v1.0\\;D:\\soft-install\\;C:\\Users\\Administrator\\AppData\\Roaming\\npm'
    'SYSTEMROOT' => 'C:\\Windows'
    'COMSPEC' => 'C:\\Windows\\system32\\cmd.exe'
    'PATHEXT' => '.COM;.EXE;.BAT;.CMD;.VBS;.VBE;.JS;.JSE;.WSF;.WSH;.MSC'
    'WINDIR' => 'C:\\Windows'
    'PHP_FCGI_MAX_REQUESTS' => '1000'
    'PHPRC' => 'D:/phpStudy/php55n'
    '_FCGI_SHUTDOWN_EVENT_' => '1900'
    'HTTP_CONNECTION' => 'close'
    'SCRIPT_NAME' => '/index.php'
    'REQUEST_URI' => '/cn/css/bootstrap.min.css.map'
    'QUERY_STRING' => ''
    'REQUEST_METHOD' => 'GET'
    'SERVER_PROTOCOL' => 'HTTP/1.1'
    'GATEWAY_INTERFACE' => 'CGI/1.1'
    'REDIRECT_URL' => '/cn/css/bootstrap.min.css.map'
    'REMOTE_PORT' => '54336'
    'SCRIPT_FILENAME' => 'D:/WWW/sat/web/index.php'
    'SERVER_ADMIN' => 'admin@phpStudy.net'
    'CONTEXT_DOCUMENT_ROOT' => 'D:/WWW/sat/web'
    'CONTEXT_PREFIX' => ''
    'REQUEST_SCHEME' => 'http'
    'DOCUMENT_ROOT' => 'D:/WWW/sat/web'
    'REMOTE_ADDR' => '127.0.0.1'
    'SERVER_PORT' => '80'
    'SERVER_ADDR' => '127.0.0.1'
    'SERVER_NAME' => 'sat.com'
    'SERVER_SOFTWARE' => 'Apache/2.4.10 (Win32) OpenSSL/1.0.1i mod_fcgid/2.3.9'
    'SERVER_SIGNATURE' => ''
    'SystemRoot' => 'C:\\Windows'
    'HTTP_PROXY_CONNECTION' => 'keep-alive'
    'HTTP_COOKIE' => 'PHPSESSID=qnpcvlfjdjl9tgp1fmt52akos6; uid='
    'HTTP_ACCEPT_LANGUAGE' => 'zh-CN,zh;q=0.8,en;q=0.6,zh-TW;q=0.4'
    'HTTP_ACCEPT_ENCODING' => 'gzip, deflate, sdch'
    'HTTP_USER_AGENT' => 'Mozilla/5.0 (Windows NT 6.1) AppleWebKit/537.36 (KHTML, like Gecko) Chrome/58.0.3029.96 Safari/537.36'
    'HTTP_HOST' => 'sat.com'
    'REDIRECT_STATUS' => '200'
    'FCGI_ROLE' => 'RESPONDER'
    'PHP_SELF' => '/index.php'
    'REQUEST_TIME_FLOAT' => 1500947447.4602
    'REQUEST_TIME' => 1500947447
]
